2024-05-17 03:55:05,766 - INFO - RelayBoardWatcher.check_wind_sensor_flag: Exiting
2024-05-17 03:55:08,935 - INFO - UPSWatcher.run(): Executing
2024-05-17 03:55:08,935 - INFO - UPSWatcher.run(): Starting
2024-05-17 03:55:08,935 - INFO - UPSWatcher.run(): Currently on battery power
2024-05-17 03:55:08,936 - INFO - UPSWatcher._shut_down(): Executing
2024-05-17 03:55:08,936 - INFO - UPSWatcher._check_ups_gpio_pin(): Exiting
2024-05-17 03:55:09,003 - INFO - WindSensorWatcher.run(): Executing
2024-05-17 03:55:09,004 - INFO - WindSensorManager.poll_sensor: Executing
2024-05-17 03:55:09,004 - INFO - WindSensorManager.get_unit_identifier: Executing
2024-05-17 03:55:09,005 - ERROR - WindSensorManager.poll_sensor: Error 'NoneType' object has no attribute 'write'
2024-05-17 03:55:09,005 - INFO - WindSensorManager.poll_sensor: Exiting
2024-05-17 03:55:10,773 - INFO - RelayBoardWatcher.run(): Executing
2024-05-17 03:55:10,773 - INFO - RelayBoardWatcher._watch_connection(): Executing
2024-05-17 03:55:10,778 - INFO - RelayBoardWatcher._watch_connection(): Exiting
2024-05-17 03:55:10,779 - INFO - RelayBoardWatcher.check_wind_speed_flag: Executing
2024-05-17 03:55:10,779 - INFO - RelayBoardWatcher.check_wind_speed_flag: Exiting
2024-05-17 03:55:10,779 - INFO - RelayBoardWatcher.check_wind_sensor_status_flag: Executing
2024-05-17 03:55:10,780 - INFO - RelayBoardWatcher.check_wind_sensor_flag: Exiting
2024-05-17 03:55:13,652 - INFO - ThreadManager.run(): Executing
2024-05-17 03:55:13,653 - INFO - WatchdogManager.check_for_watchdog_timeout: Executing
2024-05-17 03:55:13,653 - INFO - WatchdogManager.check_for_watchdog_timeout: Exiting
2024-05-17 03:55:13,672 - INFO - ThreadManager.run(): Executing
2024-05-17 03:55:13,672 - INFO - WatchdogManager.send_heart_beat: Executing
2024-05-17 03:55:13,673 - INFO - WatchdogManager.send_heart_beat: Exiting
2024-05-17 03:55:13,936 - INFO - UPSWatcher.run(): Executing
2024-05-17 03:55:13,937 - INFO - UPSWatcher.run(): Starting
2024-05-17 03:55:13,937 - INFO - UPSWatcher.run(): Currently on battery power
2024-05-17 03:55:13,937 - INFO - UPSWatcher._shut_down(): Executing
2024-05-17 03:55:13,938 - INFO - UPSWatcher._check_ups_gpio_pin(): Exiting
2024-05-17 03:55:14,006 - INFO - WindSensorWatcher.run(): Executing
2024-05-17 03:55:14,006 - INFO - WindSensorManager.poll_sensor: Executing
2024-05-17 03:55:14,006 - INFO - WindSensorManager.get_unit_identifier: Executing
2024-05-17 03:55:14,007 - ERROR - WindSensorManager.poll_sensor: Error 'NoneType' object has no attribute 'write'
2024-05-17 03:55:14,007 - INFO - WindSensorManager.poll_sensor: Exiting
2024-05-17 03:55:15,780 - INFO - RelayBoardWatcher.run(): Executing
2024-05-17 03:55:15,781 - INFO - RelayBoardWatcher._watch_connection(): Executing
2024-05-17 03:55:15,785 - INFO - RelayBoardWatcher._watch_connection(): Exiting
2024-05-17 03:55:15,785 - INFO - RelayBoardWatcher.check_wind_speed_flag: Executing
2024-05-17 03:55:15,785 - INFO - RelayBoardWatcher.check_wind_speed_flag: Exiting
2024-05-17 03:55:15,785 - INFO - RelayBoardWatcher.check_wind_sensor_status_flag: Executing
2024-05-17 03:55:15,786 - INFO - RelayBoardWatcher.check_wind_sensor_flag: Exiting
2024-05-17 03:55:18,938 - INFO - UPSWatcher.run(): Executing
2024-05-17 03:55:18,939 - INFO - UPSWatcher.run(): Starting
2024-05-17 03:55:18,939 - INFO - UPSWatcher.run(): Currently on battery power
2024-05-17 03:55:18,939 - INFO - UPSWatcher._shut_down(): Executing
2024-05-17 03:55:18,939 - INFO - UPSWatcher._check_ups_gpio_pin(): Exiting
2024-05-17 03:55:19,008 - INFO - WindSensorWatcher.run(): Executing
2024-05-17 03:55:19,008 - INFO - WindSensorManager.poll_sensor: Executing
2024-05-17 03:55:19,009 - INFO - WindSensorManager.get_unit_identifier: Executing
2024-05-17 03:55:19,009 - ERROR - WindSensorManager.poll_sensor: Error 'NoneType' object has no attribute 'write'
2024-05-17 03:55:19,009 - INFO - WindSensorManager.poll_sensor: Exiting
2024-05-17 03:55:20,786 - INFO - RelayBoardWatcher.run(): Executing
2024-05-17 03:55:20,786 - INFO - RelayBoardWatcher._watch_connection(): Executing
2024-05-17 03:55:20,791 - INFO - RelayBoardWatcher._watch_connection(): Exiting
2024-05-17 03:55:20,792 - INFO - RelayBoardWatcher.check_wind_speed_flag: Executing
2024-05-17 03:55:20,792 - INFO - RelayBoardWatcher.check_wind_speed_flag: Exiting
2024-05-17 03:55:20,792 - INFO - RelayBoardWatcher.check_wind_sensor_status_flag: Executing
2024-05-17 03:55:20,793 - INFO - RelayBoardWatcher.check_wind_sensor_flag: Exiting
2024-05-17 03:55:23,653 - INFO - ThreadManager.run(): Executing
2024-05-17 03:55:23,653 - INFO - WatchdogManager.check_for_watchdog_timeout: Executing
2024-05-17 03:55:23,654 - INFO - WatchdogManager.check_for_watchdog_timeout: Exiting
2024-05-17 03:55:23,673 - INFO - ThreadManager.run(): Executing
2024-05-17 03:55:23,673 - INFO - WatchdogManager.send_heart_beat: Executing
2024-05-17 03:55:23,673 - INFO - WatchdogManager.send_heart_beat: Exiting
2024-05-17 03:55:23,939 - INFO - UPSWatcher.run(): Executing
2024-05-17 03:55:23,940 - INFO - UPSWatcher.run(): Starting
2024-05-17 03:55:23,940 - INFO - UPSWatcher.run(): Currently on battery power
2024-05-17 03:55:23,941 - INFO - UPSWatcher._shut_down(): Executing
2024-05-17 03:55:23,941 - INFO - UPSWatcher._check_ups_gpio_pin(): Exiting
2024-05-17 03:55:24,010 - INFO - WindSensorWatcher.run(): Executing
2024-05-17 03:55:24,011 - INFO - WindSensorManager.poll_sensor: Executing
2024-05-17 03:55:24,011 - INFO - WindSensorManager.get_unit_identifier: Executing
2024-05-17 03:55:24,011 - ERROR - WindSensorManager.poll_sensor: Error 'NoneType' object has no attribute 'write'
2024-05-17 03:55:24,012 - INFO - WindSensorManager.poll_sensor: Exiting
2024-05-17 03:55:25,793 - INFO - RelayBoardWatcher.run(): Executing
2024-05-17 03:55:25,794 - INFO - RelayBoardWatcher._watch_connection(): Executing
2024-05-17 03:55:25,799 - INFO - RelayBoardWatcher._watch_connection(): Exiting
2024-05-17 03:55:25,799 - INFO - RelayBoardWatcher.check_wind_speed_flag: Executing
2024-05-17 03:55:25,800 - INFO - RelayBoardWatcher.check_wind_speed_flag: Exiting
2024-05-17 03:55:25,800 - INFO - RelayBoardWatcher.check_wind_sensor_status_flag: Executing
2024-05-17 03:55:25,802 - INFO - RelayBoardWatcher.check_wind_sensor_flag: Exiting
2024-05-17 03:55:28,942 - INFO - UPSWatcher.run(): Executing
2024-05-17 03:55:28,942 - INFO - UPSWatcher.run(): Starting
2024-05-17 03:55:28,942 - INFO - UPSWatcher.run(): Currently on battery power
2024-05-17 03:55:28,942 - INFO - UPSWatcher._shut_down(): Executing
2024-05-17 03:55:28,943 - INFO - UPSWatcher._check_ups_gpio_pin(): Exiting
2024-05-17 03:55:29,012 - INFO - WindSensorWatcher.run(): Executing
2024-05-17 03:55:29,013 - INFO - WindSensorManager.poll_sensor: Executing
2024-05-17 03:55:29,013 - INFO - WindSensorManager.get_unit_identifier: Executing
2024-05-17 03:55:29,013 - ERROR - WindSensorManager.poll_sensor: Error 'NoneType' object has no attribute 'write'
2024-05-17 03:55:29,014 - INFO - WindSensorManager.poll_sensor: Exiting
2024-05-17 03:55:30,802 - INFO - RelayBoardWatcher.run(): Executing
2024-05-17 03:55:30,803 - INFO - RelayBoardWatcher._watch_connection(): Executing
2024-05-17 03:55:30,809 - INFO - RelayBoardWatcher._watch_connection(): Exiting
2024-05-17 03:55:30,810 - INFO - RelayBoardWatcher.check_wind_speed_flag: Executing
2024-05-17 03:55:30,810 - INFO - RelayBoardWatcher.check_wind_speed_flag: Exiting
2024-05-17 03:55:30,811 - INFO - RelayBoardWatcher.check_wind_sensor_status_flag: Executing
2024-05-17 03:55:30,811 - INFO - RelayBoardWatcher.check_wind_sensor_flag: Exiting
2024-05-17 03:55:33,654 - INFO - ThreadManager.run(): Executing
2024-05-17 03:55:33,654 - INFO - WatchdogManager.check_for_watchdog_timeout: Executing
2024-05-17 03:55:33,655 - INFO - WatchdogManager.check_for_watchdog_timeout: Exiting
2024-05-17 03:55:33,674 - INFO - ThreadManager.run(): Executing
2024-05-17 03:55:33,674 - INFO - WatchdogManager.send_heart_beat: Executing
2024-05-17 03:55:33,674 - INFO - WatchdogManager.send_heart_beat: Exiting
2024-05-17 03:55:33,943 - INFO - UPSWatcher.run(): Executing
2024-05-17 03:55:33,944 - INFO - UPSWatcher.run(): Starting
2024-05-17 03:55:33,944 - INFO - UPSWatcher.run(): Currently on battery power
2024-05-17 03:55:33,944 - INFO - UPSWatcher._shut_down(): Executing
2024-05-17 03:55:33,945 - INFO - UPSWatcher._check_ups_gpio_pin(): Exiting
2024-05-17 03:55:34,014 - INFO - WindSensorWatcher.run(): Executing
2024-05-17 03:55:34,015 - INFO - WindSensorManager.poll_sensor: Executing
2024-05-17 03:55:34,015 - INFO - WindSensorManager.get_unit_identifier: Executing
2024-05-17 03:55:34,016 - ERROR - WindSensorManager.poll_sensor: Error 'NoneType' object has no attribute 'write'
2024-05-17 03:55:34,016 - INFO - WindSensorManager.poll_sensor: Exiting
2024-05-17 03:55:35,812 - INFO - RelayBoardWatcher.run(): Executing
2024-05-17 03:55:35,812 - INFO - RelayBoardWatcher._watch_connection(): Executing
2024-05-17 03:55:35,817 - INFO - RelayBoardWatcher._watch_connection(): Exiting
2024-05-17 03:55:35,818 - INFO - RelayBoardWatcher.check_wind_speed_flag: Executing
2024-05-17 03:55:35,818 - INFO - RelayBoardWatcher.check_wind_speed_flag: Exiting
2024-05-17 03:55:35,818 - INFO - RelayBoardWatcher.check_wind_sensor_status_flag: Executing
2024-05-17 03:55:35,819 - INFO - RelayBoardWatcher.check_wind_sensor_flag: Exiting
2024-05-17 03:55:38,945 - INFO - UPSWatcher.run(): Executing
2024-05-17 03:55:38,945 - INFO - UPSWatcher.run(): Starting
2024-05-17 03:55:38,946 - INFO - UPSWatcher.run(): Currently on battery power
2024-05-17 03:55:38,946 - INFO - UPSWatcher._shut_down(): Executing
2024-05-17 03:55:38,946 - INFO - UPSWatcher._check_ups_gpio_pin(): Exiting
2024-05-17 03:55:39,016 - INFO - WindSensorWatcher.run(): Executing
2024-05-17 03:55:39,017 - INFO - WindSensorManager.poll_sensor: Executing
2024-05-17 03:55:39,017 - INFO - WindSensorManager.get_unit_identifier: Executing
2024-05-17 03:55:39,018 - ERROR - WindSensorManager.poll_sensor: Error 'NoneType' object has no attribute 'write'
2024-05-17 03:55:39,018 - INFO - WindSensorManager.poll_sensor: Exiting
2024-05-17 03:55:40,819 - INFO - RelayBoardWatcher.run(): Executing
2024-05-17 03:55:40,820 - INFO - RelayBoardWatcher._watch_connection(): Executing
2024-05-17 03:55:40,825 - INFO - RelayBoardWatcher._watch_connection(): Exiting
2024-05-17 03:55:40,825 - INFO - RelayBoardWatcher.check_wind_speed_flag: Executing
2024-05-17 03:55:40,826 - INFO - RelayBoardWatcher.check_wind_speed_flag: Exiting
2024-05-17 03:55:40,826 - INFO - RelayBoardWatcher.check_wind_sensor_status_flag: Executing
2024-05-17 03:55:40,827 - INFO - RelayBoardWatcher.check_wind_sensor_flag: Exiting
2024-05-17 03:55:43,655 - INFO - ThreadManager.run(): Executing
2024-05-17 03:55:43,655 - INFO - WatchdogManager.check_for_watchdog_timeout: Executing
2024-05-17 03:55:43,656 - INFO - WatchdogManager.check_for_watchdog_timeout: Exiting
2024-05-17 03:55:43,675 - INFO - ThreadManager.run(): Executing
2024-05-17 03:55:43,675 - INFO - WatchdogManager.send_heart_beat: Executing
2024-05-17 03:55:43,675 - INFO - WatchdogManager.send_heart_beat: Exiting
2024-05-17 03:55:43,946 - INFO - UPSWatcher.run(): Executing
2024-05-17 03:55:43,947 - INFO - UPSWatcher.run(): Starting
2024-05-17 03:55:43,947 - INFO - UPSWatcher.run(): Currently on battery power
2024-05-17 03:55:43,948 - INFO - UPSWatcher._shut_down(): Executing
2024-05-17 03:55:43,948 - INFO - UPSWatcher._check_ups_gpio_pin(): Exiting
2024-05-17 03:55:44,018 - INFO - WindSensorWatcher.run(): Executing
2024-05-17 03:55:44,019 - INFO - WindSensorManager.poll_sensor: Executing
2024-05-17 03:55:44,019 - INFO - WindSensorManager.get_unit_identifier: Executing
2024-05-17 03:55:44,020 - ERROR - WindSensorManager.poll_sensor: Error 'NoneType' object has no attribute 'write'
2024-05-17 03:55:44,020 - INFO - WindSensorManager.poll_sensor: Exiting
2024-05-17 03:55:45,827 - INFO - RelayBoardWatcher.run(): Executing
2024-05-17 03:55:45,828 - INFO - RelayBoardWatcher._watch_connection(): Executing
2024-05-17 03:55:45,833 - INFO - RelayBoardWatcher._watch_connection(): Exiting
2024-05-17 03:55:45,833 - INFO - RelayBoardWatcher.check_wind_speed_flag: Executing
2024-05-17 03:55:45,834 - INFO - RelayBoardWatcher.check_wind_speed_flag: Exiting
2024-05-17 03:55:45,834 - INFO - RelayBoardWatcher.check_wind_sensor_status_flag: Executing
2024-05-17 03:55:45,835 - INFO - RelayBoardWatcher.check_wind_sensor_flag: Exiting
2024-05-17 03:55:48,949 - INFO - UPSWatcher.run(): Executing
2024-05-17 03:55:48,949 - INFO - UPSWatcher.run(): Starting
2024-05-17 03:55:48,949 - INFO - UPSWatcher.run(): Currently on battery power
2024-05-17 03:55:48,949 - INFO - UPSWatcher._shut_down(): Executing
2024-05-17 03:55:48,949 - INFO - UPSWatcher._check_ups_gpio_pin(): Exiting
2024-05-17 03:55:49,021 - INFO - WindSensorWatcher.run(): Executing
2024-05-17 03:55:49,021 - INFO - WindSensorManager.poll_sensor: Executing
2024-05-17 03:55:49,021 - INFO - WindSensorManager.get_unit_identifier: Executing
2024-05-17 03:55:49,022 - ERROR - WindSensorManager.poll_sensor: Error 'NoneType' object has no attribute 'write'
2024-05-17 03:55:49,022 - INFO - WindSensorManager.poll_sensor: Exiting
2024-05-17 03:55:50,835 - INFO - RelayBoardWatcher.run(): Executing
2024-05-17 03:55:50,836 - INFO - RelayBoardWatcher._watch_connection(): Executing
2024-05-17 03:55:50,840 - INFO - RelayBoardWatcher._watch_connection(): Exiting
2024-05-17 03:55:50,840 - INFO - RelayBoardWatcher.check_wind_speed_flag: Executing
2024-05-17 03:55:50,841 - INFO - RelayBoardWatcher.check_wind_speed_flag: Exiting
2024-05-17 03:55:50,841 - INFO - RelayBoardWatcher.check_wind_sensor_status_flag: Executing
2024-05-17 03:55:50,841 - INFO - RelayBoardWatcher.check_wind_sensor_flag: Exiting
2024-05-17 03:55:53,656 - INFO - ThreadManager.run(): Executing
2024-05-17 03:55:53,656 - INFO - WatchdogManager.check_for_watchdog_timeout: Executing
2024-05-17 03:55:53,657 - INFO - WatchdogManager.check_for_watchdog_timeout: Exiting
2024-05-17 03:55:53,676 - INFO - ThreadManager.run(): Executing
2024-05-17 03:55:53,676 - INFO - WatchdogManager.send_heart_beat: Executing
2024-05-17 03:55:53,676 - INFO - WatchdogManager.send_heart_beat: Exiting
2024-05-17 03:55:53,950 - INFO - UPSWatcher.run(): Executing
2024-05-17 03:55:53,950 - INFO - UPSWatcher.run(): Starting
2024-05-17 03:55:53,950 - INFO - UPSWatcher.run(): Currently on battery power
2024-05-17 03:55:53,951 - INFO - UPSWatcher._shut_down(): Executing
2024-05-17 03:55:53,951 - INFO - UPSWatcher._check_ups_gpio_pin(): Exiting
2024-05-17 03:55:54,022 - INFO - WindSensorWatcher.run(): Executing
2024-05-17 03:55:54,023 - INFO - WindSensorManager.poll_sensor: Executing
2024-05-17 03:55:54,023 - INFO - WindSensorManager.get_unit_identifier: Executing
2024-05-17 03:55:54,023 - ERROR - WindSensorManager.poll_sensor: Error 'NoneType' object has no attribute 'write'
2024-05-17 03:55:54,024 - INFO - WindSensorManager.poll_sensor: Exiting
2024-05-17 03:55:55,842 - INFO - RelayBoardWatcher.run(): Executing
2024-05-17 03:55:55,842 - INFO - RelayBoardWatcher._watch_connection(): Executing
2024-05-17 03:55:55,847 - INFO - RelayBoardWatcher._watch_connection(): Exiting
2024-05-17 03:55:55,847 - INFO - RelayBoardWatcher.check_wind_speed_flag: Executing
2024-05-17 03:55:55,847 - INFO - RelayBoardWatcher.check_wind_speed_flag: Exiting
2024-05-17 03:55:55,848 - INFO - RelayBoardWatcher.check_wind_sensor_status_flag: Executing
2024-05-17 03:55:55,848 - INFO - RelayBoardWatcher.check_wind_sensor_flag: Exiting
2024-05-17 03:55:58,951 - INFO - UPSWatcher.run(): Executing
2024-05-17 03:55:58,952 - INFO - UPSWatcher.run(): Starting
2024-05-17 03:55:58,952 - INFO - UPSWatcher.run(): Currently on battery power
2024-05-17 03:55:58,952 - INFO - UPSWatcher._shut_down(): Executing
2024-05-17 03:55:58,952 - INFO - UPSWatcher._check_ups_gpio_pin(): Exiting
2024-05-17 03:55:59,024 - INFO - WindSensorWatcher.run(): Executing
2024-05-17 03:55:59,024 - INFO - WindSensorManager.poll_sensor: Executing
2024-05-17 03:55:59,024 - INFO - WindSensorManager.get_unit_identifier: Executing
2024-05-17 03:55:59,025 - ERROR - WindSensorManager.poll_sensor: Error 'NoneType' object has no attribute 'write'
2024-05-17 03:55:59,025 - INFO - WindSensorManager.poll_sensor: Exiting
2024-05-17 03:56:00,848 - INFO - RelayBoardWatcher.run(): Executing
2024-05-17 03:56:00,849 - INFO - RelayBoardWatcher._watch_connection(): Executing
2024-05-17 03:56:00,853 - INFO - RelayBoardWatcher._watch_connection(): Exiting
2024-05-17 03:56:00,853 - INFO - RelayBoardWatcher.check_wind_speed_flag: Executing
2024-05-17 03:56:00,854 - INFO - RelayBoardWatcher.check_wind_speed_flag: Exiting
2024-05-17 03:56:00,854 - INFO - RelayBoardWatcher.check_wind_sensor_status_flag: Executing
2024-05-17 03:56:00,854 - INFO - RelayBoardWatcher.check_wind_sensor_flag: Exiting
2024-05-17 03:56:03,515 - INFO - SweepWatcher.run(): Executing
2024-05-17 03:56:03,515 - INFO - SweepWatcher._check_sweep_dict(): Executing
2024-05-17 03:56:03,516 - INFO - SweepWatcher._check_sweep_dict(): Exiting
2024-05-17 03:56:03,657 - INFO - ThreadManager.run(): Executing
2024-05-17 03:56:03,657 - INFO - WatchdogManager.check_for_watchdog_timeout: Executing
2024-05-17 03:56:03,658 - INFO - WatchdogManager.check_for_watchdog_timeout: Exiting
2024-05-17 03:56:03,677 - INFO - ThreadManager.run(): Executing
2024-05-17 03:56:03,677 - INFO - WatchdogManager.send_heart_beat: Executing
2024-05-17 03:56:03,678 - INFO - WatchdogManager.send_heart_beat: Exiting
2024-05-17 03:56:03,953 - INFO - UPSWatcher.run(): Executing
2024-05-17 03:56:03,953 - INFO - UPSWatcher.run(): Starting
2024-05-17 03:56:03,953 - INFO - UPSWatcher.run(): Currently on battery power
2024-05-17 03:56:03,953 - INFO - UPSWatcher._shut_down(): Executing
2024-05-17 03:56:03,954 - INFO - UPSWatcher._check_ups_gpio_pin(): Exiting
2024-05-17 03:56:04,025 - INFO - WindSensorWatcher.run(): Executing
2024-05-17 03:56:04,026 - INFO - WindSensorManager.poll_sensor: Executing
2024-05-17 03:56:04,026 - INFO - WindSensorManager.get_unit_identifier: Executing
2024-05-17 03:56:04,026 - ERROR - WindSensorManager.poll_sensor: Error 'NoneType' object has no attribute 'write'
2024-05-17 03:56:04,026 - INFO - WindSensorManager.poll_sensor: Exiting
2024-05-17 03:56:05,855 - INFO - RelayBoardWatcher.run(): Executing
2024-05-17 03:56:05,855 - INFO - RelayBoardWatcher._watch_connection(): Executing
2024-05-17 03:56:05,860 - INFO - RelayBoardWatcher._watch_connection(): Exiting
2024-05-17 03:56:05,860 - INFO - RelayBoardWatcher.check_wind_speed_flag: Executing
2024-05-17 03:56:05,860 - INFO - RelayBoardWatcher.check_wind_speed_flag: Exiting
2024-05-17 03:56:05,860 - INFO - RelayBoardWatcher.check_wind_sensor_status_flag: Executing
2024-05-17 03:56:05,861 - INFO - RelayBoardWatcher.check_wind_sensor_flag: Exiting
2024-05-17 03:56:08,954 - INFO - UPSWatcher.run(): Executing
2024-05-17 03:56:08,954 - INFO - UPSWatcher.run(): Starting
2024-05-17 03:56:08,955 - INFO - UPSWatcher.run(): Currently on battery power
2024-05-17 03:56:08,955 - INFO - UPSWatcher._shut_down(): Executing
2024-05-17 03:56:08,955 - INFO - UPSWatcher._check_ups_gpio_pin(): Exiting
2024-05-17 03:56:09,026 - INFO - WindSensorWatcher.run(): Executing
2024-05-17 03:56:09,027 - INFO - WindSensorManager.poll_sensor: Executing
2024-05-17 03:56:09,027 - INFO - WindSensorManager.get_unit_identifier: Executing
2024-05-17 03:56:09,027 - ERROR - WindSensorManager.poll_sensor: Error 'NoneType' object has no attribute 'write'
2024-05-17 03:56:09,028 - INFO - WindSensorManager.poll_sensor: Exiting
2024-05-17 03:56:10,861 - INFO - RelayBoardWatcher.run(): Executing
2024-05-17 03:56:10,861 - INFO - RelayBoardWatcher._watch_connection(): Executing
2024-05-17 03:56:10,866 - INFO - RelayBoardWatcher._watch_connection(): Exiting
2024-05-17 03:56:10,866 - INFO - RelayBoardWatcher.check_wind_speed_flag: Executing
2024-05-17 03:56:10,867 - INFO - RelayBoardWatcher.check_wind_speed_flag: Exiting
2024-05-17 03:56:10,867 - INFO - RelayBoardWatcher.check_wind_sensor_status_flag: Executing
2024-05-17 03:56:10,867 - INFO - RelayBoardWatcher.check_wind_sensor_flag: Exiting
2024-05-17 03:56:13,658 - INFO - ThreadManager.run(): Executing
2024-05-17 03:56:13,658 - INFO - WatchdogManager.check_for_watchdog_timeout: Executing
2024-05-17 03:56:13,659 - INFO - WatchdogManager.check_for_watchdog_timeout: Exiting
2024-05-17 03:56:13,678 - INFO - ThreadManager.run(): Executing
2024-05-17 03:56:13,679 - INFO - WatchdogManager.send_heart_beat: Executing
2024-05-17 03:56:13,679 - INFO - WatchdogManager.send_heart_beat: Exiting
2024-05-17 03:56:13,955 - INFO - UPSWatcher.run(): Executing
2024-05-17 03:56:13,956 - INFO - UPSWatcher.run(): Starting
2024-05-17 03:56:13,956 - INFO - UPSWatcher.run(): Currently on battery power
2024-05-17 03:56:13,956 - INFO - UPSWatcher._shut_down(): Executing
2024-05-17 03:56:13,956 - INFO - UPSWatcher._check_ups_gpio_pin(): Exiting
2024-05-17 03:56:14,028 - INFO - WindSensorWatcher.run(): Executing
2024-05-17 03:56:14,028 - INFO - WindSensorManager.poll_sensor: Executing
2024-05-17 03:56:14,029 - INFO - WindSensorManager.get_unit_identifier: Executing
2024-05-17 03:56:14,029 - ERROR - WindSensorManager.poll_sensor: Error 'NoneType' object has no attribute 'write'
2024-05-17 03:56:14,029 - INFO - WindSensorManager.poll_sensor: Exiting
2024-05-17 03:56:15,868 - INFO - RelayBoardWatcher.run(): Executing
2024-05-17 03:56:15,868 - INFO - RelayBoardWatcher._watch_connection(): Executing
2024-05-17 03:56:15,872 - INFO - RelayBoardWatcher._watch_connection(): Exiting
2024-05-17 03:56:15,873 - INFO - RelayBoardWatcher.check_wind_speed_flag: Executing
2024-05-17 03:56:15,873 - INFO - RelayBoardWatcher.check_wind_speed_flag: Exiting
2024-05-17 03:56:15,873 - INFO - RelayBoardWatcher.check_wind_sensor_status_flag: Executing
2024-05-17 03:56:15,873 - INFO - RelayBoardWatcher.check_wind_sensor_flag: Exiting
2024-05-17 03:56:18,957 - INFO - UPSWatcher.run(): Executing
2024-05-17 03:56:18,957 - INFO - UPSWatcher.run(): Starting
2024-05-17 03:56:18,957 - INFO - UPSWatcher.run(): Currently on battery power
2024-05-17 03:56:18,957 - INFO - UPSWatcher._shut_down(): Executing
2024-05-17 03:56:18,958 - INFO - UPSWatcher._check_ups_gpio_pin(): Exiting
2024-05-17 03:56:19,029 - INFO - WindSensorWatcher.run(): Executing
2024-05-17 03:56:19,030 - INFO - WindSensorManager.poll_sensor: Executing
2024-05-17 03:56:19,030 - INFO - WindSensorManager.get_unit_identifier: Executing
2024-05-17 03:56:19,030 - ERROR - WindSensorManager.poll_sensor: Error 'NoneType' object has no attribute 'write'
2024-05-17 03:56:19,030 - INFO - WindSensorManager.poll_sensor: Exiting
2024-05-17 03:56:20,874 - INFO - RelayBoardWatcher.run(): Executing
2024-05-17 03:56:20,874 - INFO - RelayBoardWatcher._watch_connection(): Executing
2024-05-17 03:56:20,878 - INFO - RelayBoardWatcher._watch_connection(): Exiting
2024-05-17 03:56:20,879 - INFO - RelayBoardWatcher.check_wind_speed_flag: Executing
2024-05-17 03:56:20,879 - INFO - RelayBoardWatcher.check_wind_speed_flag: Exiting
2024-05-17 03:56:20,879 - INFO - RelayBoardWatcher.check_wind_sensor_status_flag: Executing
2024-05-17 03:56:20,880 - INFO - RelayBoardWatcher.check_wind_sensor_flag: Exiting
2024-05-17 03:56:23,659 - INFO - ThreadManager.run(): Executing
2024-05-17 03:56:23,659 - INFO - WatchdogManager.check_for_watchdog_timeout: Executing
2024-05-17 03:56:23,660 - INFO - WatchdogManager.check_for_watchdog_timeout: Exiting
2024-05-17 03:56:23,679 - INFO - ThreadManager.run(): Executing
2024-05-17 03:56:23,679 - INFO - WatchdogManager.send_heart_beat: Executing
2024-05-17 03:56:23,680 - INFO - WatchdogManager.send_heart_beat: Exiting
2024-05-17 03:56:23,958 - INFO - UPSWatcher.run(): Executing
2024-05-17 03:56:23,958 - INFO - UPSWatcher.run(): Starting
2024-05-17 03:56:23,959 - INFO - UPSWatcher.run(): Currently on battery power
2024-05-17 03:56:23,959 - INFO - UPSWatcher._shut_down(): Executing
2024-05-17 03:56:23,959 - INFO - UPSWatcher._check_ups_gpio_pin(): Exiting
2024-05-17 03:56:24,031 - INFO - WindSensorWatcher.run(): Executing
2024-05-17 03:56:24,031 - INFO - WindSensorManager.poll_sensor: Executing
2024-05-17 03:56:24,031 - INFO - WindSensorManager.get_unit_identifier: Executing
2024-05-17 03:56:24,032 - ERROR - WindSensorManager.poll_sensor: Error 'NoneType' object has no attribute 'write'
2024-05-17 03:56:24,032 - INFO - WindSensorManager.poll_sensor: Exiting
2024-05-17 03:56:25,880 - INFO - RelayBoardWatcher.run(): Executing
2024-05-17 03:56:25,880 - INFO - RelayBoardWatcher._watch_connection(): Executing
2024-05-17 03:56:25,885 - INFO - RelayBoardWatcher._watch_connection(): Exiting
2024-05-17 03:56:25,885 - INFO - RelayBoardWatcher.check_wind_speed_flag: Executing
2024-05-17 03:56:25,886 - INFO - RelayBoardWatcher.check_wind_speed_flag: Exiting
2024-05-17 03:56:25,886 - INFO - RelayBoardWatcher.check_wind_sensor_status_flag: Executing
2024-05-17 03:56:25,886 - INFO - RelayBoardWatcher.check_wind_sensor_flag: Exiting
2024-05-17 03:56:28,959 - INFO - UPSWatcher.run(): Executing
2024-05-17 03:56:28,960 - INFO - UPSWatcher.run(): Starting
2024-05-17 03:56:28,960 - INFO - UPSWatcher.run(): Currently on battery power
2024-05-17 03:56:28,960 - INFO - UPSWatcher._shut_down(): Executing
2024-05-17 03:56:28,960 - INFO - UPSWatcher._check_ups_gpio_pin(): Exiting
2024-05-17 03:56:29,032 - INFO - WindSensorWatcher.run(): Executing
2024-05-17 03:56:29,033 - INFO - WindSensorManager.poll_sensor: Executing
2024-05-17 03:56:29,033 - INFO - WindSensorManager.get_unit_identifier: Executing
2024-05-17 03:56:29,033 - ERROR - WindSensorManager.poll_sensor: Error 'NoneType' object has no attribute 'write'
2024-05-17 03:56:29,033 - INFO - WindSensorManager.poll_sensor: Exiting
2024-05-17 03:56:30,886 - INFO - RelayBoardWatcher.run(): Executing
2024-05-17 03:56:30,887 - INFO - RelayBoardWatcher._watch_connection(): Executing
2024-05-17 03:56:30,891 - INFO - RelayBoardWatcher._watch_connection(): Exiting
2024-05-17 03:56:30,892 - INFO - RelayBoardWatcher.check_wind_speed_flag: Executing
2024-05-17 03:56:30,892 - INFO - RelayBoardWatcher.check_wind_speed_flag: Exiting
2024-05-17 03:56:30,892 - INFO - RelayBoardWatcher.check_wind_sensor_status_flag: Executing
2024-05-17 03:56:30,893 - INFO - RelayBoardWatcher.check_wind_sensor_flag: Exiting
2024-05-17 03:56:33,660 - INFO - ThreadManager.run(): Executing
2024-05-17 03:56:33,660 - INFO - WatchdogManager.check_for_watchdog_timeout: Executing
2024-05-17 03:56:33,661 - INFO - WatchdogManager.check_for_watchdog_timeout: Exiting
2024-05-17 03:56:33,680 - INFO - ThreadManager.run(): Executing
2024-05-17 03:56:33,681 - INFO - WatchdogManager.send_heart_beat: Executing
2024-05-17 03:56:33,681 - INFO - WatchdogManager.send_heart_beat: Exiting
2024-05-17 03:56:33,961 - INFO - UPSWatcher.run(): Executing
2024-05-17 03:56:33,961 - INFO - UPSWatcher.run(): Starting
2024-05-17 03:56:33,961 - INFO - UPSWatcher.run(): Currently on battery power
2024-05-17 03:56:33,962 - INFO - UPSWatcher._shut_down(): Executing
2024-05-17 03:56:33,962 - INFO - UPSWatcher._check_ups_gpio_pin(): Exiting
2024-05-17 03:56:34,034 - INFO - WindSensorWatcher.run(): Executing
2024-05-17 03:56:34,034 - INFO - WindSensorManager.poll_sensor: Executing
2024-05-17 03:56:34,034 - INFO - WindSensorManager.get_unit_identifier: Executing
2024-05-17 03:56:34,034 - ERROR - WindSensorManager.poll_sensor: Error 'NoneType' object has no attribute 'write'
2024-05-17 03:56:34,034 - INFO - WindSensorManager.poll_sensor: Exiting
2024-05-17 03:56:35,893 - INFO - RelayBoardWatcher.run(): Executing
2024-05-17 03:56:35,893 - INFO - RelayBoardWatcher._watch_connection(): Executing
2024-05-17 03:56:35,898 - INFO - RelayBoardWatcher._watch_connection(): Exiting
2024-05-17 03:56:35,898 - INFO - RelayBoardWatcher.check_wind_speed_flag: Executing
2024-05-17 03:56:35,898 - INFO - RelayBoardWatcher.check_wind_speed_flag: Exiting
2024-05-17 03:56:35,898 - INFO - RelayBoardWatcher.check_wind_sensor_status_flag: Executing
2024-05-17 03:56:35,899 - INFO - RelayBoardWatcher.check_wind_sensor_flag: Exiting
2024-05-17 03:56:38,962 - INFO - UPSWatcher.run(): Executing
2024-05-17 03:56:38,963 - INFO - UPSWatcher.run(): Starting
2024-05-17 03:56:38,963 - INFO - UPSWatcher.run(): Currently on battery power
2024-05-17 03:56:38,963 - INFO - UPSWatcher._shut_down(): Executing
2024-05-17 03:56:38,963 - INFO - UPSWatcher._check_ups_gpio_pin(): Exiting
2024-05-17 03:56:39,035 - INFO - WindSensorWatcher.run(): Executing
2024-05-17 03:56:39,035 - INFO - WindSensorManager.poll_sensor: Executing
2024-05-17 03:56:39,036 - INFO - WindSensorManager.get_unit_identifier: Executing
2024-05-17 03:56:39,036 - ERROR - WindSensorManager.poll_sensor: Error 'NoneType' object has no attribute 'write'
2024-05-17 03:56:39,036 - INFO - WindSensorManager.poll_sensor: Exiting
2024-05-17 03:56:40,899 - INFO - RelayBoardWatcher.run(): Executing
2024-05-17 03:56:40,899 - INFO - RelayBoardWatcher._watch_connection(): Executing
2024-05-17 03:56:40,904 - INFO - RelayBoardWatcher._watch_connection(): Exiting
2024-05-17 03:56:40,904 - INFO - RelayBoardWatcher.check_wind_speed_flag: Executing
2024-05-17 03:56:40,905 - INFO - RelayBoardWatcher.check_wind_speed_flag: Exiting
2024-05-17 03:56:40,905 - INFO - RelayBoardWatcher.check_wind_sensor_status_flag: Executing
2024-05-17 03:56:40,905 - INFO - RelayBoardWatcher.check_wind_sensor_flag: Exiting
2024-05-17 03:56:43,661 - INFO - ThreadManager.run(): Executing
2024-05-17 03:56:43,661 - INFO - WatchdogManager.check_for_watchdog_timeout: Executing
2024-05-17 03:56:43,662 - INFO - WatchdogManager.check_for_watchdog_timeout: Exiting
2024-05-17 03:56:43,682 - INFO - ThreadManager.run(): Executing
2024-05-17 03:56:43,682 - INFO - WatchdogManager.send_heart_beat: Executing
2024-05-17 03:56:43,683 - INFO - WatchdogManager.send_heart_beat: Exiting
2024-05-17 03:56:43,964 - INFO - UPSWatcher.run(): Executing
2024-05-17 03:56:43,964 - INFO - UPSWatcher.run(): Starting
2024-05-17 03:56:43,964 - INFO - UPSWatcher.run(): Currently on battery power
2024-05-17 03:56:43,964 - INFO - UPSWatcher._shut_down(): Executing
2024-05-17 03:56:43,964 - INFO - UPSWatcher._check_ups_gpio_pin(): Exiting
2024-05-17 03:56:44,036 - INFO - WindSensorWatcher.run(): Executing
2024-05-17 03:56:44,037 - INFO - WindSensorManager.poll_sensor: Executing
2024-05-17 03:56:44,037 - INFO - WindSensorManager.get_unit_identifier: Executing
2024-05-17 03:56:44,037 - ERROR - WindSensorManager.poll_sensor: Error 'NoneType' object has no attribute 'write'
2024-05-17 03:56:44,037 - INFO - WindSensorManager.poll_sensor: Exiting
2024-05-17 03:56:45,906 - INFO - RelayBoardWatcher.run(): Executing
2024-05-17 03:56:45,906 - INFO - RelayBoardWatcher._watch_connection(): Executing
2024-05-17 03:56:45,910 - INFO - RelayBoardWatcher._watch_connection(): Exiting
2024-05-17 03:56:45,911 - INFO - RelayBoardWatcher.check_wind_speed_flag: Executing
2024-05-17 03:56:45,911 - INFO - RelayBoardWatcher.check_wind_speed_flag: Exiting
2024-05-17 03:56:45,911 - INFO - RelayBoardWatcher.check_wind_sensor_status_flag: Executing
2024-05-17 03:56:45,911 - INFO - RelayBoardWatcher.check_wind_sensor_flag: Exiting
2024-05-17 03:56:48,965 - INFO - UPSWatcher.run(): Executing
2024-05-17 03:56:48,965 - INFO - UPSWatcher.run(): Starting
2024-05-17 03:56:48,965 - INFO - UPSWatcher.run(): Currently on battery power
2024-05-17 03:56:48,966 - INFO - UPSWatcher._shut_down(): Executing
2024-05-17 03:56:48,966 - INFO - UPSWatcher._check_ups_gpio_pin(): Exiting
2024-05-17 03:56:49,038 - INFO - WindSensorWatcher.run(): Executing
2024-05-17 03:56:49,038 - INFO - WindSensorManager.poll_sensor: Executing
2024-05-17 03:56:49,038 - INFO - WindSensorManager.get_unit_identifier: Executing
2024-05-17 03:56:49,038 - ERROR - WindSensorManager.poll_sensor: Error 'NoneType' object has no attribute 'write'
2024-05-17 03:56:49,039 - INFO - WindSensorManager.poll_sensor: Exiting
2024-05-17 03:56:50,912 - INFO - RelayBoardWatcher.run(): Executing
2024-05-17 03:56:50,912 - INFO - RelayBoardWatcher._watch_connection(): Executing
2024-05-17 03:56:50,917 - INFO - RelayBoardWatcher._watch_connection(): Exiting
2024-05-17 03:56:50,917 - INFO - RelayBoardWatcher.check_wind_speed_flag: Executing
2024-05-17 03:56:50,917 - INFO - RelayBoardWatcher.check_wind_speed_flag: Exiting
2024-05-17 03:56:50,917 - INFO - RelayBoardWatcher.check_wind_sensor_status_flag: Executing
2024-05-17 03:56:50,918 - INFO - RelayBoardWatcher.check_wind_sensor_flag: Exiting
2024-05-17 03:56:53,662 - INFO - ThreadManager.run(): Executing
2024-05-17 03:56:53,662 - INFO - WatchdogManager.check_for_watchdog_timeout: Executing
2024-05-17 03:56:53,663 - INFO - WatchdogManager.check_for_watchdog_timeout: Exiting
2024-05-17 03:56:53,683 - INFO - ThreadManager.run(): Executing
2024-05-17 03:56:53,684 - INFO - WatchdogManager.send_heart_beat: Executing
2024-05-17 03:56:53,684 - INFO - WatchdogManager.send_heart_beat: Exiting
2024-05-17 03:56:53,966 - INFO - UPSWatcher.run(): Executing
2024-05-17 03:56:53,967 - INFO - UPSWatcher.run(): Starting
2024-05-17 03:56:53,967 - INFO - UPSWatcher.run(): Currently on battery power
2024-05-17 03:56:53,968 - INFO - UPSWatcher._shut_down(): Executing
2024-05-17 03:56:53,968 - INFO - UPSWatcher._check_ups_gpio_pin(): Exiting
2024-05-17 03:56:54,039 - INFO - WindSensorWatcher.run(): Executing
2024-05-17 03:56:54,040 - INFO - WindSensorManager.poll_sensor: Executing
2024-05-17 03:56:54,040 - INFO - WindSensorManager.get_unit_identifier: Executing
2024-05-17 03:56:54,040 - ERROR - WindSensorManager.poll_sensor: Error 'NoneType' object has no attribute 'write'
2024-05-17 03:56:54,041 - INFO - WindSensorManager.poll_sensor: Exiting
2024-05-17 03:56:55,918 - INFO - RelayBoardWatcher.run(): Executing
2024-05-17 03:56:55,919 - INFO - RelayBoardWatcher._watch_connection(): Executing
2024-05-17 03:56:55,924 - INFO - RelayBoardWatcher._watch_connection(): Exiting
2024-05-17 03:56:55,924 - INFO - RelayBoardWatcher.check_wind_speed_flag: Executing
2024-05-17 03:56:55,925 - INFO - RelayBoardWatcher.check_wind_speed_flag: Exiting
2024-05-17 03:56:55,925 - INFO - RelayBoardWatcher.check_wind_sensor_status_flag: Executing
2024-05-17 03:56:55,925 - INFO - RelayBoardWatcher.check_wind_sensor_flag: Exiting
2024-05-17 03:56:58,968 - INFO - UPSWatcher.run(): Executing
2024-05-17 03:56:58,969 - INFO - UPSWatcher.run(): Starting
2024-05-17 03:56:58,969 - INFO - UPSWatcher.run(): Currently on battery power
2024-05-17 03:56:58,969 - INFO - UPSWatcher._shut_down(): Executing
2024-05-17 03:56:58,969 - INFO - UPSWatcher._check_ups_gpio_pin(): Exiting
2024-05-17 03:56:59,041 - INFO - WindSensorWatcher.run(): Executing
2024-05-17 03:56:59,042 - INFO - WindSensorManager.poll_sensor: Executing
2024-05-17 03:56:59,042 - INFO - WindSensorManager.get_unit_identifier: Executing
2024-05-17 03:56:59,042 - ERROR - WindSensorManager.poll_sensor: Error 'NoneType' object has no attribute 'write'
2024-05-17 03:56:59,043 - INFO - WindSensorManager.poll_sensor: Exiting
2024-05-17 03:57:00,926 - INFO - RelayBoardWatcher.run(): Executing
2024-05-17 03:57:00,926 - INFO - RelayBoardWatcher._watch_connection(): Executing
2024-05-17 03:57:00,931 - INFO - RelayBoardWatcher._watch_connection(): Exiting
2024-05-17 03:57:00,931 - INFO - RelayBoardWatcher.check_wind_speed_flag: Executing
2024-05-17 03:57:00,931 - INFO - RelayBoardWatcher.check_wind_speed_flag: Exiting
2024-05-17 03:57:00,932 - INFO - RelayBoardWatcher.check_wind_sensor_status_flag: Executing
2024-05-17 03:57:00,932 - INFO - RelayBoardWatcher.check_wind_sensor_flag: Exiting
2024-05-17 03:57:03,516 - INFO - SweepWatcher.run(): Executing
2024-05-17 03:57:03,516 - INFO - SweepWatcher._check_sweep_dict(): Executing
2024-05-17 03:57:03,517 - INFO - SweepWatcher._check_sweep_dict(): Exiting
2024-05-17 03:57:03,663 - INFO - ThreadManager.run(): Executing
2024-05-17 03:57:03,664 - INFO - WatchdogManager.check_for_watchdog_timeout: Executing
2024-05-17 03:57:03,664 - INFO - WatchdogManager.check_for_watchdog_timeout: Exiting
2024-05-17 03:57:03,685 - INFO - ThreadManager.run(): Executing
2024-05-17 03:57:03,685 - INFO - WatchdogManager.send_heart_beat: Executing
2024-05-17 03:57:03,686 - INFO - WatchdogManager.send_heart_beat: Exiting
2024-05-17 03:57:03,970 - INFO - UPSWatcher.run(): Executing
2024-05-17 03:57:03,970 - INFO - UPSWatcher.run(): Starting
2024-05-17 03:57:03,970 - INFO - UPSWatcher.run(): Currently on battery power
2024-05-17 03:57:03,970 - INFO - UPSWatcher._shut_down(): Executing
2024-05-17 03:57:03,971 - INFO - UPSWatcher._check_ups_gpio_pin(): Exiting
2024-05-17 03:57:04,043 - INFO - WindSensorWatcher.run(): Executing
2024-05-17 03:57:04,044 - INFO - WindSensorManager.poll_sensor: Executing
2024-05-17 03:57:04,044 - INFO - WindSensorManager.get_unit_identifier: Executing
2024-05-17 03:57:04,044 - ERROR - WindSensorManager.poll_sensor: Error 'NoneType' object has no attribute 'write'
2024-05-17 03:57:04,045 - INFO - WindSensorManager.poll_sensor: Exiting
2024-05-17 03:57:05,933 - INFO - RelayBoardWatcher.run(): Executing
2024-05-17 03:57:05,933 - INFO - RelayBoardWatcher._watch_connection(): Executing
2024-05-17 03:57:05,938 - INFO - RelayBoardWatcher._watch_connection(): Exiting
2024-05-17 03:57:05,938 - INFO - RelayBoardWatcher.check_wind_speed_flag: Executing
2024-05-17 03:57:05,939 - INFO - RelayBoardWatcher.check_wind_speed_flag: Exiting
2024-05-17 03:57:05,939 - INFO - RelayBoardWatcher.check_wind_sensor_status_flag: Executing
2024-05-17 03:57:05,939 - INFO - RelayBoardWatcher.check_wind_sensor_flag: Exiting
2024-05-17 03:57:08,971 - INFO - UPSWatcher.run(): Executing
2024-05-17 03:57:08,971 - INFO - UPSWatcher.run(): Starting
2024-05-17 03:57:08,972 - INFO - UPSWatcher.run(): Currently on battery power
2024-05-17 03:57:08,972 - INFO - UPSWatcher._shut_down(): Executing
2024-05-17 03:57:08,972 - INFO - UPSWatcher._check_ups_gpio_pin(): Exiting
2024-05-17 03:57:09,045 - INFO - WindSensorWatcher.run(): Executing
2024-05-17 03:57:09,046 - INFO - WindSensorManager.poll_sensor: Executing
2024-05-17 03:57:09,046 - INFO - WindSensorManager.get_unit_identifier: Executing
2024-05-17 03:57:09,046 - ERROR - WindSensorManager.poll_sensor: Error 'NoneType' object has no attribute 'write'
2024-05-17 03:57:09,047 - INFO - WindSensorManager.poll_sensor: Exiting
2024-05-17 03:57:10,940 - INFO - RelayBoardWatcher.run(): Executing
2024-05-17 03:57:10,940 - INFO - RelayBoardWatcher._watch_connection(): Executing
2024-05-17 03:57:10,945 - INFO - RelayBoardWatcher._watch_connection(): Exiting
2024-05-17 03:57:10,945 - INFO - RelayBoardWatcher.check_wind_speed_flag: Executing
2024-05-17 03:57:10,946 - INFO - RelayBoardWatcher.check_wind_speed_flag: Exiting
2024-05-17 03:57:10,946 - INFO - RelayBoardWatcher.check_wind_sensor_status_flag: Executing
2024-05-17 03:57:10,946 - INFO - RelayBoardWatcher.check_wind_sensor_flag: Exiting
2024-05-17 03:57:13,665 - INFO - ThreadManager.run(): Executing
2024-05-17 03:57:13,665 - INFO - WatchdogManager.check_for_watchdog_timeout: Executing
2024-05-17 03:57:13,665 - INFO - WatchdogManager.check_for_watchdog_timeout: Exiting
2024-05-17 03:57:13,686 - INFO - ThreadManager.run(): Executing
2024-05-17 03:57:13,686 - INFO - WatchdogManager.send_heart_beat: Executing
2024-05-17 03:57:13,687 - INFO - WatchdogManager.send_heart_beat: Exiting
2024-05-17 03:57:13,973 - INFO - UPSWatcher.run(): Executing
2024-05-17 03:57:13,973 - INFO - UPSWatcher.run(): Starting
2024-05-17 03:57:13,973 - INFO - UPSWatcher.run(): Currently on battery power
2024-05-17 03:57:13,974 - INFO - UPSWatcher._shut_down(): Executing
2024-05-17 03:57:13,974 - INFO - UPSWatcher._check_ups_gpio_pin(): Exiting
2024-05-17 03:57:14,047 - INFO - WindSensorWatcher.run(): Executing
2024-05-17 03:57:14,048 - INFO - WindSensorManager.poll_sensor: Executing
2024-05-17 03:57:14,048 - INFO - WindSensorManager.get_unit_identifier: Executing
2024-05-17 03:57:14,048 - ERROR - WindSensorManager.poll_sensor: Error 'NoneType' object has no attribute 'write'
2024-05-17 03:57:14,048 - INFO - WindSensorManager.poll_sensor: Exiting
2024-05-17 03:57:15,947 - INFO - RelayBoardWatcher.run(): Executing
2024-05-17 03:57:15,947 - INFO - RelayBoardWatcher._watch_connection(): Executing
2024-05-17 03:57:15,952 - INFO - RelayBoardWatcher._watch_connection(): Exiting
2024-05-17 03:57:15,952 - INFO - RelayBoardWatcher.check_wind_speed_flag: Executing
2024-05-17 03:57:15,953 - INFO - RelayBoardWatcher.check_wind_speed_flag: Exiting
2024-05-17 03:57:15,953 - INFO - RelayBoardWatcher.check_wind_sensor_status_flag: Executing
2024-05-17 03:57:15,953 - INFO - RelayBoardWatcher.check_wind_sensor_flag: Exiting
2024-05-17 03:57:18,975 - INFO - UPSWatcher.run(): Executing
2024-05-17 03:57:18,975 - INFO - UPSWatcher.run(): Starting
2024-05-17 03:57:18,976 - INFO - UPSWatcher.run(): Currently on battery power
2024-05-17 03:57:18,976 - INFO - UPSWatcher._shut_down(): Executing
2024-05-17 03:57:18,977 - INFO - UPSWatcher._check_ups_gpio_pin(): Exiting
2024-05-17 03:57:19,049 - INFO - WindSensorWatcher.run(): Executing
2024-05-17 03:57:19,049 - INFO - WindSensorManager.poll_sensor: Executing
2024-05-17 03:57:19,049 - INFO - WindSensorManager.get_unit_identifier: Executing
2024-05-17 03:57:19,050 - ERROR - WindSensorManager.poll_sensor: Error 'NoneType' object has no attribute 'write'
2024-05-17 03:57:19,050 - INFO - WindSensorManager.poll_sensor: Exiting
2024-05-17 03:57:20,954 - INFO - RelayBoardWatcher.run(): Executing
2024-05-17 03:57:20,954 - INFO - RelayBoardWatcher._watch_connection(): Executing
2024-05-17 03:57:20,959 - INFO - RelayBoardWatcher._watch_connection(): Exiting
2024-05-17 03:57:20,959 - INFO - RelayBoardWatcher.check_wind_speed_flag: Executing
2024-05-17 03:57:20,960 - INFO - RelayBoardWatcher.check_wind_speed_flag: Exiting
2024-05-17 03:57:20,960 - INFO - RelayBoardWatcher.check_wind_sensor_status_flag: Executing
2024-05-17 03:57:20,960 - INFO - RelayBoardWatcher.check_wind_sensor_flag: Exiting
2024-05-17 03:57:23,666 - INFO - ThreadManager.run(): Executing
2024-05-17 03:57:23,667 - INFO - WatchdogManager.check_for_watchdog_timeout: Executing
2024-05-17 03:57:23,667 - INFO - WatchdogManager.check_for_watchdog_timeout: Exiting
2024-05-17 03:57:23,687 - INFO - ThreadManager.run(): Executing
2024-05-17 03:57:23,687 - INFO - WatchdogManager.send_heart_beat: Executing
2024-05-17 03:57:23,688 - INFO - WatchdogManager.send_heart_beat: Exiting
2024-05-17 03:57:23,977 - INFO - UPSWatcher.run(): Executing
2024-05-17 03:57:23,978 - INFO - UPSWatcher.run(): Starting
2024-05-17 03:57:23,978 - INFO - UPSWatcher.run(): Currently on battery power
2024-05-17 03:57:23,978 - INFO - UPSWatcher._shut_down(): Executing
2024-05-17 03:57:23,979 - INFO - UPSWatcher._check_ups_gpio_pin(): Exiting
2024-05-17 03:57:24,051 - INFO - WindSensorWatcher.run(): Executing
2024-05-17 03:57:24,051 - INFO - WindSensorManager.poll_sensor: Executing
2024-05-17 03:57:24,051 - INFO - WindSensorManager.get_unit_identifier: Executing
2024-05-17 03:57:24,052 - ERROR - WindSensorManager.poll_sensor: Error 'NoneType' object has no attribute 'write'
2024-05-17 03:57:24,052 - INFO - WindSensorManager.poll_sensor: Exiting
2024-05-17 03:57:25,961 - INFO - RelayBoardWatcher.run(): Executing
2024-05-17 03:57:25,961 - INFO - RelayBoardWatcher._watch_connection(): Executing
2024-05-17 03:57:25,966 - INFO - RelayBoardWatcher._watch_connection(): Exiting
2024-05-17 03:57:25,966 - INFO - RelayBoardWatcher.check_wind_speed_flag: Executing
2024-05-17 03:57:25,967 - INFO - RelayBoardWatcher.check_wind_speed_flag: Exiting
2024-05-17 03:57:25,967 - INFO - RelayBoardWatcher.check_wind_sensor_status_flag: Executing
2024-05-17 03:57:25,968 - INFO - RelayBoardWatcher.check_wind_sensor_flag: Exiting
2024-05-17 03:57:28,979 - INFO - UPSWatcher.run(): Executing
2024-05-17 03:57:28,979 - INFO - UPSWatcher.run(): Starting
2024-05-17 03:57:28,980 - INFO - UPSWatcher.run(): Currently on battery power
2024-05-17 03:57:28,980 - INFO - UPSWatcher._shut_down(): Executing
2024-05-17 03:57:28,980 - INFO - UPSWatcher._check_ups_gpio_pin(): Exiting
2024-05-17 03:57:29,053 - INFO - WindSensorWatcher.run(): Executing
2024-05-17 03:57:29,053 - INFO - WindSensorManager.poll_sensor: Executing
2024-05-17 03:57:29,053 - INFO - WindSensorManager.get_unit_identifier: Executing
2024-05-17 03:57:29,054 - ERROR - WindSensorManager.poll_sensor: Error 'NoneType' object has no attribute 'write'
2024-05-17 03:57:29,054 - INFO - WindSensorManager.poll_sensor: Exiting
2024-05-17 03:57:30,968 - INFO - RelayBoardWatcher.run(): Executing
2024-05-17 03:57:30,968 - INFO - RelayBoardWatcher._watch_connection(): Executing
2024-05-17 03:57:30,973 - INFO - RelayBoardWatcher._watch_connection(): Exiting
2024-05-17 03:57:30,973 - INFO - RelayBoardWatcher.check_wind_speed_flag: Executing
2024-05-17 03:57:30,974 - INFO - RelayBoardWatcher.check_wind_speed_flag: Exiting
2024-05-17 03:57:30,974 - INFO - RelayBoardWatcher.check_wind_sensor_status_flag: Executing
2024-05-17 03:57:30,975 - INFO - RelayBoardWatcher.check_wind_sensor_flag: Exiting
2024-05-17 03:57:33,668 - INFO - ThreadManager.run(): Executing
2024-05-17 03:57:33,668 - INFO - WatchdogManager.check_for_watchdog_timeout: Executing
2024-05-17 03:57:33,668 - INFO - WatchdogManager.check_for_watchdog_timeout: Exiting
2024-05-17 03:57:33,688 - INFO - ThreadManager.run(): Executing
2024-05-17 03:57:33,689 - INFO - WatchdogManager.send_heart_beat: Executing
2024-05-17 03:57:33,689 - INFO - WatchdogManager.send_heart_beat: Exiting
2024-05-17 03:57:33,981 - INFO - UPSWatcher.run(): Executing
2024-05-17 03:57:33,981 - INFO - UPSWatcher.run(): Starting
2024-05-17 03:57:33,981 - INFO - UPSWatcher.run(): Currently on battery power
2024-05-17 03:57:33,981 - INFO - UPSWatcher._shut_down(): Executing
2024-05-17 03:57:33,982 - INFO - UPSWatcher._check_ups_gpio_pin(): Exiting
2024-05-17 03:57:34,055 - INFO - WindSensorWatcher.run(): Executing
2024-05-17 03:57:34,055 - INFO - WindSensorManager.poll_sensor: Executing
2024-05-17 03:57:34,055 - INFO - WindSensorManager.get_unit_identifier: Executing
2024-05-17 03:57:34,055 - ERROR - WindSensorManager.poll_sensor: Error 'NoneType' object has no attribute 'write'
2024-05-17 03:57:34,056 - INFO - WindSensorManager.poll_sensor: Exiting
2024-05-17 03:57:35,859 - INFO - Parser.parseMessage(): Executing
2024-05-17 03:57:35,859 - INFO - Parser.parseMessage(): Exiting
2024-05-17 03:57:35,860 - INFO - RabbitMQ.on_message(): Topic received: NOTIFICATIONS Message received: {'CONTROLLER_CURRENT_VALUES': '""'}
2024-05-17 03:57:35,860 - INFO - TopicManager.process_topic(): Topic is NOTIFICATIONS
2024-05-17 03:57:35,860 - INFO - NotificationManager.parse_message(): Executing
2024-05-17 03:57:35,860 - INFO - NotificationManager.controller_current_values(): Executing
2024-05-17 03:57:35,860 - INFO - ConstantsManager.currentValues(): Executing
2024-05-17 03:57:35,861 - INFO - ConstantsManager.currentValues(): Exiting
2024-05-17 03:57:35,861 - INFO - NotificationManager.controller_current_values(): Exiting
2024-05-17 03:57:35,862 - INFO - NotificationManager.process_message(): Successful
2024-05-17 03:57:35,862 - INFO - NotificationManager.process_message(): Exiting
2024-05-17 03:57:35,862 - INFO - TopicManager.process_topic(): Exiting
2024-05-17 03:57:35,862 - INFO - RabbitMQ.on_message(): Topic Handled
2024-05-17 03:57:35,873 - INFO - Parser.parseMessage(): Executing
2024-05-17 03:57:35,873 - INFO - Parser.parseMessage(): Exiting
2024-05-17 03:57:35,874 - INFO - RabbitMQ.on_message(): Topic received: NOTIFICATIONS Message received: {'SETTINGS_CURRENT_VALUES': '""'}
2024-05-17 03:57:35,874 - INFO - TopicManager.process_topic(): Topic is NOTIFICATIONS
2024-05-17 03:57:35,875 - INFO - NotificationManager.parse_message(): Executing
2024-05-17 03:57:35,875 - INFO - NotificationManager.settings_current_values(): Executing
2024-05-17 03:57:35,876 - INFO - ConstantsManager.settings_current_values(): Executing
2024-05-17 03:57:35,876 - INFO - ConstantsManager.settings_current_values(): Exiting
2024-05-17 03:57:35,878 - INFO - NotificationManager.settings_current_values(): Exiting
2024-05-17 03:57:35,878 - INFO - NotificationManager.process_message(): Successful
2024-05-17 03:57:35,879 - INFO - NotificationManager.process_message(): Exiting
2024-05-17 03:57:35,879 - INFO - TopicManager.process_topic(): Exiting
2024-05-17 03:57:35,880 - INFO - RabbitMQ.on_message(): Topic Handled
2024-05-17 03:57:35,881 - INFO - Parser.parseMessage(): Executing
2024-05-17 03:57:35,881 - INFO - Parser.parseMessage(): Exiting
2024-05-17 03:57:35,882 - INFO - RabbitMQ.on_message(): Topic received: NOTIFICATIONS Message received: {'SWEEP_CURRENT_VALUES': '""'}
2024-05-17 03:57:35,882 - INFO - TopicManager.process_topic(): Topic is NOTIFICATIONS
2024-05-17 03:57:35,883 - INFO - NotificationManager.parse_message(): Executing
2024-05-17 03:57:35,883 - INFO - NotificationManager._sweep_current_values(): Executing
2024-05-17 03:57:35,884 - INFO - ConstantsManager.sweep_current_values(): Executing
2024-05-17 03:57:35,884 - INFO - ConstantsManager.sweep_current_values(): Exiting
2024-05-17 03:57:35,885 - INFO - NotificationManager.sweep_current_values(): Exiting
2024-05-17 03:57:35,886 - INFO - NotificationManager.process_message(): Successful
2024-05-17 03:57:35,886 - INFO - NotificationManager.process_message(): Exiting
2024-05-17 03:57:35,887 - INFO - TopicManager.process_topic(): Exiting
2024-05-17 03:57:35,888 - INFO - RabbitMQ.on_message(): Topic Handled
2024-05-17 03:57:35,975 - INFO - RelayBoardWatcher.run(): Executing
2024-05-17 03:57:35,975 - INFO - RelayBoardWatcher._watch_connection(): Executing
2024-05-17 03:57:35,980 - INFO - RelayBoardWatcher._watch_connection(): Exiting
2024-05-17 03:57:35,981 - INFO - RelayBoardWatcher.check_wind_speed_flag: Executing
2024-05-17 03:57:35,981 - INFO - RelayBoardWatcher.check_wind_speed_flag: Exiting
2024-05-17 03:57:35,981 - INFO - RelayBoardWatcher.check_wind_sensor_status_flag: Executing
2024-05-17 03:57:35,982 - INFO - RelayBoardWatcher.check_wind_sensor_flag: Exiting
2024-05-17 03:57:38,982 - INFO - UPSWatcher.run(): Executing
2024-05-17 03:57:38,982 - INFO - UPSWatcher.run(): Starting
2024-05-17 03:57:38,983 - INFO - UPSWatcher.run(): Currently on battery power
2024-05-17 03:57:38,983 - INFO - UPSWatcher._shut_down(): Executing
2024-05-17 03:57:38,983 - INFO - UPSWatcher._check_ups_gpio_pin(): Exiting
2024-05-17 03:57:39,056 - INFO - WindSensorWatcher.run(): Executing
2024-05-17 03:57:39,057 - INFO - WindSensorManager.poll_sensor: Executing
2024-05-17 03:57:39,057 - INFO - WindSensorManager.get_unit_identifier: Executing
2024-05-17 03:57:39,058 - ERROR - WindSensorManager.poll_sensor: Error 'NoneType' object has no attribute 'write'
2024-05-17 03:57:39,058 - INFO - WindSensorManager.poll_sensor: Exiting
2024-05-17 03:57:40,982 - INFO - RelayBoardWatcher.run(): Executing
2024-05-17 03:57:40,982 - INFO - RelayBoardWatcher._watch_connection(): Executing
2024-05-17 03:57:40,987 - INFO - RelayBoardWatcher._watch_connection(): Exiting
2024-05-17 03:57:40,987 - INFO - RelayBoardWatcher.check_wind_speed_flag: Executing
2024-05-17 03:57:40,988 - INFO - RelayBoardWatcher.check_wind_speed_flag: Exiting
2024-05-17 03:57:40,988 - INFO - RelayBoardWatcher.check_wind_sensor_status_flag: Executing
2024-05-17 03:57:40,989 - INFO - RelayBoardWatcher.check_wind_sensor_flag: Exiting
2024-05-17 03:57:43,669 - INFO - ThreadManager.run(): Executing
2024-05-17 03:57:43,669 - INFO - WatchdogManager.check_for_watchdog_timeout: Executing
2024-05-17 03:57:43,670 - INFO - WatchdogManager.check_for_watchdog_timeout: Exiting
2024-05-17 03:57:43,690 - INFO - ThreadManager.run(): Executing
2024-05-17 03:57:43,690 - INFO - WatchdogManager.send_heart_beat: Executing
2024-05-17 03:57:43,691 - INFO - WatchdogManager.send_heart_beat: Exiting
2024-05-17 03:57:43,984 - INFO - UPSWatcher.run(): Executing
2024-05-17 03:57:43,984 - INFO - UPSWatcher.run(): Starting
2024-05-17 03:57:43,984 - INFO - UPSWatcher.run(): Currently on battery power
2024-05-17 03:57:43,985 - INFO - UPSWatcher._shut_down(): Executing
2024-05-17 03:57:43,985 - INFO - UPSWatcher._check_ups_gpio_pin(): Exiting
2024-05-17 03:57:44,059 - INFO - WindSensorWatcher.run(): Executing
2024-05-17 03:57:44,059 - INFO - WindSensorManager.poll_sensor: Executing
2024-05-17 03:57:44,060 - INFO - WindSensorManager.get_unit_identifier: Executing
2024-05-17 03:57:44,060 - ERROR - WindSensorManager.poll_sensor: Error 'NoneType' object has no attribute 'write'
2024-05-17 03:57:44,060 - INFO - WindSensorManager.poll_sensor: Exiting
2024-05-17 03:57:45,408 - INFO - Parser.parseMessage(): Executing
2024-05-17 03:57:45,408 - INFO - Parser.parseMessage(): Exiting
2024-05-17 03:57:45,408 - INFO - RabbitMQ.on_message(): Topic received: NOTIFICATIONS Message received: {'SETTINGS_CURRENT_VALUES': '""'}
2024-05-17 03:57:45,408 - INFO - TopicManager.process_topic(): Topic is NOTIFICATIONS
2024-05-17 03:57:45,408 - INFO - NotificationManager.parse_message(): Executing
2024-05-17 03:57:45,409 - INFO - NotificationManager.settings_current_values(): Executing
2024-05-17 03:57:45,409 - INFO - ConstantsManager.settings_current_values(): Executing
2024-05-17 03:57:45,409 - INFO - ConstantsManager.settings_current_values(): Exiting
2024-05-17 03:57:45,410 - INFO - NotificationManager.settings_current_values(): Exiting
2024-05-17 03:57:45,411 - INFO - NotificationManager.process_message(): Successful
2024-05-17 03:57:45,411 - INFO - NotificationManager.process_message(): Exiting
2024-05-17 03:57:45,411 - INFO - TopicManager.process_topic(): Exiting
2024-05-17 03:57:45,412 - INFO - RabbitMQ.on_message(): Topic Handled
2024-05-17 03:57:45,412 - INFO - Parser.parseMessage(): Executing
2024-05-17 03:57:45,413 - INFO - Parser.parseMessage(): Exiting
2024-05-17 03:57:45,413 - INFO - RabbitMQ.on_message(): Topic received: NOTIFICATIONS Message received: {'SWEEP_CURRENT_VALUES': '""'}
2024-05-17 03:57:45,414 - INFO - TopicManager.process_topic(): Topic is NOTIFICATIONS
2024-05-17 03:57:45,414 - INFO - NotificationManager.parse_message(): Executing
2024-05-17 03:57:45,414 - INFO - NotificationManager._sweep_current_values(): Executing
2024-05-17 03:57:45,415 - INFO - ConstantsManager.sweep_current_values(): Executing
2024-05-17 03:57:45,415 - INFO - ConstantsManager.sweep_current_values(): Exiting
2024-05-17 03:57:45,416 - INFO - NotificationManager.sweep_current_values(): Exiting
2024-05-17 03:57:45,417 - INFO - NotificationManager.process_message(): Successful
2024-05-17 03:57:45,417 - INFO - NotificationManager.process_message(): Exiting
2024-05-17 03:57:45,417 - INFO - TopicManager.process_topic(): Exiting
2024-05-17 03:57:45,418 - INFO - RabbitMQ.on_message(): Topic Handled
2024-05-17 03:57:45,989 - INFO - RelayBoardWatcher.run(): Executing
2024-05-17 03:57:45,990 - INFO - RelayBoardWatcher._watch_connection(): Executing
2024-05-17 03:57:45,994 - INFO - RelayBoardWatcher._watch_connection(): Exiting
2024-05-17 03:57:45,994 - INFO - RelayBoardWatcher.check_wind_speed_flag: Executing
2024-05-17 03:57:45,994 - INFO - RelayBoardWatcher.check_wind_speed_flag: Exiting
2024-05-17 03:57:45,995 - INFO - RelayBoardWatcher.check_wind_sensor_status_flag: Executing
2024-05-17 03:57:45,995 - INFO - RelayBoardWatcher.check_wind_sensor_flag: Exiting
2024-05-17 03:57:48,986 - INFO - UPSWatcher.run(): Executing
2024-05-17 03:57:48,986 - INFO - UPSWatcher.run(): Starting
2024-05-17 03:57:48,987 - INFO - UPSWatcher.run(): Currently on battery power
2024-05-17 03:57:48,987 - INFO - UPSWatcher._shut_down(): Executing
2024-05-17 03:57:48,988 - INFO - UPSWatcher._check_ups_gpio_pin(): Exiting
2024-05-17 03:57:49,062 - INFO - WindSensorWatcher.run(): Executing
2024-05-17 03:57:49,063 - INFO - WindSensorManager.poll_sensor: Executing
2024-05-17 03:57:49,063 - INFO - WindSensorManager.get_unit_identifier: Executing
2024-05-17 03:57:49,064 - ERROR - WindSensorManager.poll_sensor: Error 'NoneType' object has no attribute 'write'
2024-05-17 03:57:49,064 - INFO - WindSensorManager.poll_sensor: Exiting
2024-05-17 03:57:50,996 - INFO - RelayBoardWatcher.run(): Executing
2024-05-17 03:57:50,996 - INFO - RelayBoardWatcher._watch_connection(): Executing
2024-05-17 03:57:51,001 - INFO - RelayBoardWatcher._watch_connection(): Exiting
2024-05-17 03:57:51,001 - INFO - RelayBoardWatcher.check_wind_speed_flag: Executing
2024-05-17 03:57:51,001 - INFO - RelayBoardWatcher.check_wind_speed_flag: Exiting
2024-05-17 03:57:51,001 - INFO - RelayBoardWatcher.check_wind_sensor_status_flag: Executing
2024-05-17 03:57:51,002 - INFO - RelayBoardWatcher.check_wind_sensor_flag: Exiting
2024-05-17 03:57:53,671 - INFO - ThreadManager.run(): Executing
2024-05-17 03:57:53,673 - INFO - WatchdogManager.check_for_watchdog_timeout: Executing
2024-05-17 03:57:53,673 - INFO - WatchdogManager.check_for_watchdog_timeout: Exiting
2024-05-17 03:57:53,691 - INFO - ThreadManager.run(): Executing
2024-05-17 03:57:53,691 - INFO - WatchdogManager.send_heart_beat: Executing
2024-05-17 03:57:53,692 - INFO - WatchdogManager.send_heart_beat: Exiting
2024-05-17 03:57:53,989 - INFO - UPSWatcher.run(): Executing
2024-05-17 03:57:53,989 - INFO - UPSWatcher.run(): Starting
2024-05-17 03:57:53,990 - INFO - UPSWatcher.run(): Currently on battery power
2024-05-17 03:57:53,990 - INFO - UPSWatcher._shut_down(): Executing
2024-05-17 03:57:53,990 - INFO - UPSWatcher._check_ups_gpio_pin(): Exiting
2024-05-17 03:57:54,065 - INFO - WindSensorWatcher.run(): Executing
2024-05-17 03:57:54,065 - INFO - WindSensorManager.poll_sensor: Executing
2024-05-17 03:57:54,066 - INFO - WindSensorManager.get_unit_identifier: Executing
2024-05-17 03:57:54,066 - ERROR - WindSensorManager.poll_sensor: Error 'NoneType' object has no attribute 'write'
2024-05-17 03:57:54,066 - INFO - WindSensorManager.poll_sensor: Exiting
2024-05-17 03:57:56,002 - INFO - RelayBoardWatcher.run(): Executing
2024-05-17 03:57:56,002 - INFO - RelayBoardWatcher._watch_connection(): Executing
2024-05-17 03:57:56,007 - INFO - RelayBoardWatcher._watch_connection(): Exiting
2024-05-17 03:57:56,007 - INFO - RelayBoardWatcher.check_wind_speed_flag: Executing
2024-05-17 03:57:56,008 - INFO - RelayBoardWatcher.check_wind_speed_flag: Exiting
2024-05-17 03:57:56,008 - INFO - RelayBoardWatcher.check_wind_sensor_status_flag: Executing
2024-05-17 03:57:56,008 - INFO - RelayBoardWatcher.check_wind_sensor_flag: Exiting
2024-05-17 03:57:58,991 - INFO - UPSWatcher.run(): Executing
2024-05-17 03:57:58,991 - INFO - UPSWatcher.run(): Starting
2024-05-17 03:57:58,992 - INFO - UPSWatcher.run(): Currently on battery power
2024-05-17 03:57:58,992 - INFO - UPSWatcher._shut_down(): Executing
2024-05-17 03:57:58,992 - INFO - UPSWatcher._check_ups_gpio_pin(): Exiting
2024-05-17 03:57:59,067 - INFO - WindSensorWatcher.run(): Executing
2024-05-17 03:57:59,068 - INFO - WindSensorManager.poll_sensor: Executing
2024-05-17 03:57:59,069 - INFO - WindSensorManager.get_unit_identifier: Executing
2024-05-17 03:57:59,069 - ERROR - WindSensorManager.poll_sensor: Error 'NoneType' object has no attribute 'write'
2024-05-17 03:57:59,070 - INFO - WindSensorManager.poll_sensor: Exiting
2024-05-17 03:58:01,009 - INFO - RelayBoardWatcher.run(): Executing
2024-05-17 03:58:01,009 - INFO - RelayBoardWatcher._watch_connection(): Executing
2024-05-17 03:58:01,013 - INFO - RelayBoardWatcher._watch_connection(): Exiting
2024-05-17 03:58:01,014 - INFO - RelayBoardWatcher.check_wind_speed_flag: Executing
2024-05-17 03:58:01,014 - INFO - RelayBoardWatcher.check_wind_speed_flag: Exiting
2024-05-17 03:58:01,014 - INFO - RelayBoardWatcher.check_wind_sensor_status_flag: Executing
2024-05-17 03:58:01,014 - INFO - RelayBoardWatcher.check_wind_sensor_flag: Exiting
2024-05-17 03:58:03,518 - INFO - SweepWatcher.run(): Executing
2024-05-17 03:58:03,518 - INFO - SweepWatcher._check_sweep_dict(): Executing
2024-05-17 03:58:03,519 - INFO - SweepWatcher._check_sweep_dict(): Exiting
2024-05-17 03:58:03,674 - INFO - ThreadManager.run(): Executing
2024-05-17 03:58:03,674 - INFO - WatchdogManager.check_for_watchdog_timeout: Executing
2024-05-17 03:58:03,675 - INFO - WatchdogManager.check_for_watchdog_timeout: Exiting
2024-05-17 03:58:03,692 - INFO - ThreadManager.run(): Executing
2024-05-17 03:58:03,693 - INFO - WatchdogManager.send_heart_beat: Executing
2024-05-17 03:58:03,693 - INFO - WatchdogManager.send_heart_beat: Exiting
2024-05-17 03:58:03,993 - INFO - UPSWatcher.run(): Executing
2024-05-17 03:58:03,993 - INFO - UPSWatcher.run(): Starting
2024-05-17 03:58:03,994 - INFO - UPSWatcher.run(): Currently on battery power
2024-05-17 03:58:03,994 - INFO - UPSWatcher._shut_down(): Executing
2024-05-17 03:58:03,995 - INFO - UPSWatcher._check_ups_gpio_pin(): Exiting
2024-05-17 03:58:04,070 - INFO - WindSensorWatcher.run(): Executing
2024-05-17 03:58:04,071 - INFO - WindSensorManager.poll_sensor: Executing
2024-05-17 03:58:04,071 - INFO - WindSensorManager.get_unit_identifier: Executing
2024-05-17 03:58:04,071 - ERROR - WindSensorManager.poll_sensor: Error 'NoneType' object has no attribute 'write'
2024-05-17 03:58:04,072 - INFO - WindSensorManager.poll_sensor: Exiting
2024-05-17 03:58:06,015 - INFO - RelayBoardWatcher.run(): Executing
2024-05-17 03:58:06,023 - INFO - RelayBoardWatcher._watch_connection(): Executing
2024-05-17 03:58:06,033 - INFO - RelayBoardWatcher._watch_connection(): Exiting
2024-05-17 03:58:06,033 - INFO - RelayBoardWatcher.check_wind_speed_flag: Executing
2024-05-17 03:58:06,034 - INFO - RelayBoardWatcher.check_wind_speed_flag: Exiting
2024-05-17 03:58:06,034 - INFO - RelayBoardWatcher.check_wind_sensor_status_flag: Executing
2024-05-17 03:58:06,035 - INFO - RelayBoardWatcher.check_wind_sensor_flag: Exiting
2024-05-17 03:58:08,995 - INFO - UPSWatcher.run(): Executing
2024-05-17 03:58:08,995 - INFO - UPSWatcher.run(): Starting
2024-05-17 03:58:08,996 - INFO - UPSWatcher.run(): Currently on battery power
2024-05-17 03:58:08,996 - INFO - UPSWatcher._shut_down(): Executing
2024-05-17 03:58:08,996 - INFO - UPSWatcher._check_ups_gpio_pin(): Exiting
2024-05-17 03:58:09,072 - INFO - WindSensorWatcher.run(): Executing
2024-05-17 03:58:09,073 - INFO - WindSensorManager.poll_sensor: Executing
2024-05-17 03:58:09,074 - INFO - WindSensorManager.get_unit_identifier: Executing
2024-05-17 03:58:09,074 - ERROR - WindSensorManager.poll_sensor: Error 'NoneType' object has no attribute 'write'
2024-05-17 03:58:09,075 - INFO - WindSensorManager.poll_sensor: Exiting
2024-05-17 03:58:11,035 - INFO - RelayBoardWatcher.run(): Executing
2024-05-17 03:58:11,039 - INFO - RelayBoardWatcher._watch_connection(): Executing
2024-05-17 03:58:11,046 - INFO - RelayBoardWatcher._watch_connection(): Exiting
2024-05-17 03:58:11,047 - INFO - RelayBoardWatcher.check_wind_speed_flag: Executing
2024-05-17 03:58:11,048 - INFO - RelayBoardWatcher.check_wind_speed_flag: Exiting
2024-05-17 03:58:11,048 - INFO - RelayBoardWatcher.check_wind_sensor_status_flag: Executing
2024-05-17 03:58:11,048 - INFO - RelayBoardWatcher.check_wind_sensor_flag: Exiting
2024-05-17 03:58:13,675 - INFO - ThreadManager.run(): Executing
2024-05-17 03:58:13,675 - INFO - WatchdogManager.check_for_watchdog_timeout: Executing
2024-05-17 03:58:13,676 - INFO - WatchdogManager.check_for_watchdog_timeout: Exiting
2024-05-17 03:58:13,694 - INFO - ThreadManager.run(): Executing
2024-05-17 03:58:13,695 - INFO - WatchdogManager.send_heart_beat: Executing
2024-05-17 03:58:13,695 - INFO - WatchdogManager.send_heart_beat: Exiting
2024-05-17 03:58:13,997 - INFO - UPSWatcher.run(): Executing
2024-05-17 03:58:13,997 - INFO - UPSWatcher.run(): Starting
2024-05-17 03:58:13,997 - INFO - UPSWatcher.run(): Currently on battery power
2024-05-17 03:58:13,998 - INFO - UPSWatcher._shut_down(): Executing
2024-05-17 03:58:13,998 - INFO - UPSWatcher._check_ups_gpio_pin(): Exiting
2024-05-17 03:58:14,075 - INFO - WindSensorWatcher.run(): Executing
2024-05-17 03:58:14,076 - INFO - WindSensorManager.poll_sensor: Executing
2024-05-17 03:58:14,076 - INFO - WindSensorManager.get_unit_identifier: Executing
2024-05-17 03:58:14,077 - ERROR - WindSensorManager.poll_sensor: Error 'NoneType' object has no attribute 'write'
2024-05-17 03:58:14,077 - INFO - WindSensorManager.poll_sensor: Exiting
2024-05-17 03:58:16,054 - INFO - RelayBoardWatcher.run(): Executing
2024-05-17 03:58:16,054 - INFO - RelayBoardWatcher._watch_connection(): Executing
2024-05-17 03:58:16,059 - INFO - RelayBoardWatcher._watch_connection(): Exiting
2024-05-17 03:58:16,059 - INFO - RelayBoardWatcher.check_wind_speed_flag: Executing
2024-05-17 03:58:16,060 - INFO - RelayBoardWatcher.check_wind_speed_flag: Exiting
2024-05-17 03:58:16,060 - INFO - RelayBoardWatcher.check_wind_sensor_status_flag: Executing
2024-05-17 03:58:16,060 - INFO - RelayBoardWatcher.check_wind_sensor_flag: Exiting
2024-05-17 03:58:18,998 - INFO - UPSWatcher.run(): Executing
2024-05-17 03:58:18,999 - INFO - UPSWatcher.run(): Starting
2024-05-17 03:58:18,999 - INFO - UPSWatcher.run(): Currently on battery power
2024-05-17 03:58:18,999 - INFO - UPSWatcher._shut_down(): Executing
2024-05-17 03:58:18,999 - INFO - UPSWatcher._check_ups_gpio_pin(): Exiting
2024-05-17 03:58:19,078 - INFO - WindSensorWatcher.run(): Executing
2024-05-17 03:58:19,078 - INFO - WindSensorManager.poll_sensor: Executing
2024-05-17 03:58:19,079 - INFO - WindSensorManager.get_unit_identifier: Executing
2024-05-17 03:58:19,079 - ERROR - WindSensorManager.poll_sensor: Error 'NoneType' object has no attribute 'write'
2024-05-17 03:58:19,080 - INFO - WindSensorManager.poll_sensor: Exiting
2024-05-17 03:58:21,061 - INFO - RelayBoardWatcher.run(): Executing
2024-05-17 03:58:21,061 - INFO - RelayBoardWatcher._watch_connection(): Executing
2024-05-17 03:58:21,068 - INFO - RelayBoardWatcher._watch_connection(): Exiting
2024-05-17 03:58:21,068 - INFO - RelayBoardWatcher.check_wind_speed_flag: Executing
2024-05-17 03:58:21,068 - INFO - RelayBoardWatcher.check_wind_speed_flag: Exiting
2024-05-17 03:58:21,069 - INFO - RelayBoardWatcher.check_wind_sensor_status_flag: Executing
2024-05-17 03:58:21,069 - INFO - RelayBoardWatcher.check_wind_sensor_flag: Exiting
2024-05-17 03:58:23,676 - INFO - ThreadManager.run(): Executing
2024-05-17 03:58:23,676 - INFO - WatchdogManager.check_for_watchdog_timeout: Executing
2024-05-17 03:58:23,677 - INFO - WatchdogManager.check_for_watchdog_timeout: Exiting
2024-05-17 03:58:23,696 - INFO - ThreadManager.run(): Executing
2024-05-17 03:58:23,696 - INFO - WatchdogManager.send_heart_beat: Executing
2024-05-17 03:58:23,696 - INFO - WatchdogManager.send_heart_beat: Exiting
2024-05-17 03:58:24,000 - INFO - UPSWatcher.run(): Executing
2024-05-17 03:58:24,000 - INFO - UPSWatcher.run(): Starting
2024-05-17 03:58:24,001 - INFO - UPSWatcher.run(): Currently on battery power
2024-05-17 03:58:24,001 - INFO - UPSWatcher._shut_down(): Executing
2024-05-17 03:58:24,001 - INFO - UPSWatcher._check_ups_gpio_pin(): Exiting
2024-05-17 03:58:24,081 - INFO - WindSensorWatcher.run(): Executing
2024-05-17 03:58:24,081 - INFO - WindSensorManager.poll_sensor: Executing
2024-05-17 03:58:24,081 - INFO - WindSensorManager.get_unit_identifier: Executing
2024-05-17 03:58:24,082 - ERROR - WindSensorManager.poll_sensor: Error 'NoneType' object has no attribute 'write'
2024-05-17 03:58:24,082 - INFO - WindSensorManager.poll_sensor: Exiting
2024-05-17 03:58:26,070 - INFO - RelayBoardWatcher.run(): Executing
2024-05-17 03:58:26,073 - INFO - RelayBoardWatcher._watch_connection(): Executing
2024-05-17 03:58:26,077 - INFO - RelayBoardWatcher._watch_connection(): Exiting
2024-05-17 03:58:26,077 - INFO - RelayBoardWatcher.check_wind_speed_flag: Executing
2024-05-17 03:58:26,077 - INFO - RelayBoardWatcher.check_wind_speed_flag: Exiting
2024-05-17 03:58:26,078 - INFO - RelayBoardWatcher.check_wind_sensor_status_flag: Executing
2024-05-17 03:58:26,078 - INFO - RelayBoardWatcher.check_wind_sensor_flag: Exiting
2024-05-17 03:58:29,002 - INFO - UPSWatcher.run(): Executing
2024-05-17 03:58:29,002 - INFO - UPSWatcher.run(): Starting
2024-05-17 03:58:29,002 - INFO - UPSWatcher.run(): Currently on battery power
2024-05-17 03:58:29,003 - INFO - UPSWatcher._shut_down(): Executing
2024-05-17 03:58:29,003 - INFO - UPSWatcher._check_ups_gpio_pin(): Exiting
2024-05-17 03:58:29,083 - INFO - WindSensorWatcher.run(): Executing
2024-05-17 03:58:29,083 - INFO - WindSensorManager.poll_sensor: Executing
2024-05-17 03:58:29,084 - INFO - WindSensorManager.get_unit_identifier: Executing
2024-05-17 03:58:29,084 - ERROR - WindSensorManager.poll_sensor: Error 'NoneType' object has no attribute 'write'
2024-05-17 03:58:29,085 - INFO - WindSensorManager.poll_sensor: Exiting
2024-05-17 03:58:31,078 - INFO - RelayBoardWatcher.run(): Executing
2024-05-17 03:58:31,079 - INFO - RelayBoardWatcher._watch_connection(): Executing
2024-05-17 03:58:31,090 - INFO - RelayBoardWatcher._watch_connection(): Exiting
2024-05-17 03:58:31,091 - INFO - RelayBoardWatcher.check_wind_speed_flag: Executing
2024-05-17 03:58:31,092 - INFO - RelayBoardWatcher.check_wind_speed_flag: Exiting
2024-05-17 03:58:31,092 - INFO - RelayBoardWatcher.check_wind_sensor_status_flag: Executing
2024-05-17 03:58:31,092 - INFO - RelayBoardWatcher.check_wind_sensor_flag: Exiting
2024-05-17 03:58:33,677 - INFO - ThreadManager.run(): Executing
2024-05-17 03:58:33,677 - INFO - WatchdogManager.check_for_watchdog_timeout: Executing
2024-05-17 03:58:33,678 - INFO - WatchdogManager.check_for_watchdog_timeout: Exiting
2024-05-17 03:58:33,697 - INFO - ThreadManager.run(): Executing
2024-05-17 03:58:33,697 - INFO - WatchdogManager.send_heart_beat: Executing
2024-05-17 03:58:33,698 - INFO - WatchdogManager.send_heart_beat: Exiting
2024-05-17 03:58:34,004 - INFO - UPSWatcher.run(): Executing
2024-05-17 03:58:34,004 - INFO - UPSWatcher.run(): Starting
2024-05-17 03:58:34,004 - INFO - UPSWatcher.run(): Currently on battery power
2024-05-17 03:58:34,005 - INFO - UPSWatcher._shut_down(): Executing
2024-05-17 03:58:34,005 - INFO - UPSWatcher._check_ups_gpio_pin(): Exiting
2024-05-17 03:58:34,085 - INFO - WindSensorWatcher.run(): Executing
2024-05-17 03:58:34,086 - INFO - WindSensorManager.poll_sensor: Executing
2024-05-17 03:58:34,086 - INFO - WindSensorManager.get_unit_identifier: Executing
2024-05-17 03:58:34,086 - ERROR - WindSensorManager.poll_sensor: Error 'NoneType' object has no attribute 'write'
2024-05-17 03:58:34,087 - INFO - WindSensorManager.poll_sensor: Exiting
2024-05-17 03:58:36,093 - INFO - RelayBoardWatcher.run(): Executing
2024-05-17 03:58:36,093 - INFO - RelayBoardWatcher._watch_connection(): Executing
2024-05-17 03:58:36,099 - INFO - RelayBoardWatcher._watch_connection(): Exiting
2024-05-17 03:58:36,099 - INFO - RelayBoardWatcher.check_wind_speed_flag: Executing
2024-05-17 03:58:36,100 - INFO - RelayBoardWatcher.check_wind_speed_flag: Exiting
2024-05-17 03:58:36,100 - INFO - RelayBoardWatcher.check_wind_sensor_status_flag: Executing
2024-05-17 03:58:36,100 - INFO - RelayBoardWatcher.check_wind_sensor_flag: Exiting
2024-05-17 03:58:39,005 - INFO - UPSWatcher.run(): Executing
2024-05-17 03:58:39,006 - INFO - UPSWatcher.run(): Starting
2024-05-17 03:58:39,006 - INFO - UPSWatcher.run(): Currently on battery power
2024-05-17 03:58:39,006 - INFO - UPSWatcher._shut_down(): Executing
2024-05-17 03:58:39,007 - INFO - UPSWatcher._check_ups_gpio_pin(): Exiting
2024-05-17 03:58:39,087 - INFO - WindSensorWatcher.run(): Executing
2024-05-17 03:58:39,088 - INFO - WindSensorManager.poll_sensor: Executing
2024-05-17 03:58:39,088 - INFO - WindSensorManager.get_unit_identifier: Executing
2024-05-17 03:58:39,088 - ERROR - WindSensorManager.poll_sensor: Error 'NoneType' object has no attribute 'write'
2024-05-17 03:58:39,088 - INFO - WindSensorManager.poll_sensor: Exiting
2024-05-17 03:58:41,103 - INFO - RelayBoardWatcher.run(): Executing
2024-05-17 03:58:41,103 - INFO - RelayBoardWatcher._watch_connection(): Executing
2024-05-17 03:58:41,110 - INFO - RelayBoardWatcher._watch_connection(): Exiting
2024-05-17 03:58:41,110 - INFO - RelayBoardWatcher.check_wind_speed_flag: Executing
2024-05-17 03:58:41,111 - INFO - RelayBoardWatcher.check_wind_speed_flag: Exiting
2024-05-17 03:58:41,111 - INFO - RelayBoardWatcher.check_wind_sensor_status_flag: Executing
2024-05-17 03:58:41,111 - INFO - RelayBoardWatcher.check_wind_sensor_flag: Exiting
2024-05-17 03:58:43,678 - INFO - ThreadManager.run(): Executing
2024-05-17 03:58:43,678 - INFO - WatchdogManager.check_for_watchdog_timeout: Executing
2024-05-17 03:58:43,679 - INFO - WatchdogManager.check_for_watchdog_timeout: Exiting
2024-05-17 03:58:43,698 - INFO - ThreadManager.run(): Executing
2024-05-17 03:58:43,699 - INFO - WatchdogManager.send_heart_beat: Executing
2024-05-17 03:58:43,699 - INFO - WatchdogManager.send_heart_beat: Exiting
2024-05-17 03:58:44,007 - INFO - UPSWatcher.run(): Executing
2024-05-17 03:58:44,008 - INFO - UPSWatcher.run(): Starting
2024-05-17 03:58:44,008 - INFO - UPSWatcher.run(): Currently on battery power
2024-05-17 03:58:44,008 - INFO - UPSWatcher._shut_down(): Executing
2024-05-17 03:58:44,009 - INFO - UPSWatcher._check_ups_gpio_pin(): Exiting
2024-05-17 03:58:44,089 - INFO - WindSensorWatcher.run(): Executing
2024-05-17 03:58:44,089 - INFO - WindSensorManager.poll_sensor: Executing
2024-05-17 03:58:44,090 - INFO - WindSensorManager.get_unit_identifier: Executing
2024-05-17 03:58:44,090 - ERROR - WindSensorManager.poll_sensor: Error 'NoneType' object has no attribute 'write'
2024-05-17 03:58:44,091 - INFO - WindSensorManager.poll_sensor: Exiting
2024-05-17 03:58:46,113 - INFO - RelayBoardWatcher.run(): Executing
2024-05-17 03:58:46,113 - INFO - RelayBoardWatcher._watch_connection(): Executing
2024-05-17 03:58:46,119 - INFO - RelayBoardWatcher._watch_connection(): Exiting
2024-05-17 03:58:46,119 - INFO - RelayBoardWatcher.check_wind_speed_flag: Executing
2024-05-17 03:58:46,119 - INFO - RelayBoardWatcher.check_wind_speed_flag: Exiting
2024-05-17 03:58:46,120 - INFO - RelayBoardWatcher.check_wind_sensor_status_flag: Executing
2024-05-17 03:58:46,120 - INFO - RelayBoardWatcher.check_wind_sensor_flag: Exiting
2024-05-17 03:58:49,009 - INFO - UPSWatcher.run(): Executing
2024-05-17 03:58:49,009 - INFO - UPSWatcher.run(): Starting
2024-05-17 03:58:49,010 - INFO - UPSWatcher.run(): Currently on battery power
2024-05-17 03:58:49,010 - INFO - UPSWatcher._shut_down(): Executing
2024-05-17 03:58:49,010 - INFO - UPSWatcher._check_ups_gpio_pin(): Exiting
2024-05-17 03:58:49,092 - INFO - WindSensorWatcher.run(): Executing
2024-05-17 03:58:49,092 - INFO - WindSensorManager.poll_sensor: Executing
2024-05-17 03:58:49,093 - INFO - WindSensorManager.get_unit_identifier: Executing
2024-05-17 03:58:49,093 - ERROR - WindSensorManager.poll_sensor: Error 'NoneType' object has no attribute 'write'
2024-05-17 03:58:49,093 - INFO - WindSensorManager.poll_sensor: Exiting
2024-05-17 03:58:51,123 - INFO - RelayBoardWatcher.run(): Executing
2024-05-17 03:58:51,123 - INFO - RelayBoardWatcher._watch_connection(): Executing
2024-05-17 03:58:51,130 - INFO - RelayBoardWatcher._watch_connection(): Exiting
2024-05-17 03:58:51,130 - INFO - RelayBoardWatcher.check_wind_speed_flag: Executing
2024-05-17 03:58:51,131 - INFO - RelayBoardWatcher.check_wind_speed_flag: Exiting
2024-05-17 03:58:51,131 - INFO - RelayBoardWatcher.check_wind_sensor_status_flag: Executing
2024-05-17 03:58:51,131 - INFO - RelayBoardWatcher.check_wind_sensor_flag: Exiting
2024-05-17 03:58:53,679 - INFO - ThreadManager.run(): Executing
2024-05-17 03:58:53,679 - INFO - WatchdogManager.check_for_watchdog_timeout: Executing
2024-05-17 03:58:53,680 - INFO - WatchdogManager.check_for_watchdog_timeout: Exiting
2024-05-17 03:58:53,700 - INFO - ThreadManager.run(): Executing
2024-05-17 03:58:53,700 - INFO - WatchdogManager.send_heart_beat: Executing
2024-05-17 03:58:53,700 - INFO - WatchdogManager.send_heart_beat: Exiting
2024-05-17 03:58:54,011 - INFO - UPSWatcher.run(): Executing
2024-05-17 03:58:54,011 - INFO - UPSWatcher.run(): Starting
2024-05-17 03:58:54,012 - INFO - UPSWatcher.run(): Currently on battery power
2024-05-17 03:58:54,012 - INFO - UPSWatcher._shut_down(): Executing
2024-05-17 03:58:54,012 - INFO - UPSWatcher._check_ups_gpio_pin(): Exiting
2024-05-17 03:58:54,094 - INFO - WindSensorWatcher.run(): Executing
2024-05-17 03:58:54,094 - INFO - WindSensorManager.poll_sensor: Executing
2024-05-17 03:58:54,095 - INFO - WindSensorManager.get_unit_identifier: Executing
2024-05-17 03:58:54,095 - ERROR - WindSensorManager.poll_sensor: Error 'NoneType' object has no attribute 'write'
2024-05-17 03:58:54,096 - INFO - WindSensorManager.poll_sensor: Exiting
2024-05-17 03:58:56,135 - INFO - RelayBoardWatcher.run(): Executing
2024-05-17 03:58:56,135 - INFO - RelayBoardWatcher._watch_connection(): Executing
2024-05-17 03:58:56,142 - INFO - RelayBoardWatcher._watch_connection(): Exiting
2024-05-17 03:58:56,143 - INFO - RelayBoardWatcher.check_wind_speed_flag: Executing
2024-05-17 03:58:56,143 - INFO - RelayBoardWatcher.check_wind_speed_flag: Exiting
2024-05-17 03:58:56,144 - INFO - RelayBoardWatcher.check_wind_sensor_status_flag: Executing
2024-05-17 03:58:56,144 - INFO - RelayBoardWatcher.check_wind_sensor_flag: Exiting
